<?xml version="1.0" encoding="UTF-8"?>
<!-- Generated by org.testng.reporters.JUnitReportReporter -->
<testsuite hostname="MC" failures="0" tests="3" name="runners.cucumberRunner" time="100.708" errors="0" timestamp="2023-11-16T23:28:39 IST" skipped="0">
  <testcase classname="runners.cucumberRunner" name="runScenario" time="27.231"/>
  <testcase classname="runners.cucumberRunner" name="runScenario" time="25.406"/>
  <testcase classname="runners.cucumberRunner" name="runScenario" time="48.071"/>
</testsuite> <!-- runners.cucumberRunner -->
