<?xml version="1.0" encoding="UTF-8"?>
<!-- Generated by org.testng.reporters.JUnitReportReporter -->
<testsuite hostname="MC" failures="0" tests="3" name="runners.cucumberRunner" time="98.782" errors="0" timestamp="2023-11-17T00:58:08 IST" skipped="0">
  <testcase classname="runners.cucumberRunner" name="runScenario" time="34.638"/>
  <testcase classname="runners.cucumberRunner" name="runScenario" time="20.257"/>
  <testcase classname="runners.cucumberRunner" name="runScenario" time="43.887"/>
</testsuite> <!-- runners.cucumberRunner -->
